Discovering target: Default
Discovering tests from assembly: C:\Users\jie.sheng\Desktop\Selenium介绍\SeleniumSpecflow\Selenium\bin\Debug\Selenium.dll
Appdomain Disposed
Test Suite Dump
#0: Selenium/Default - 
#1: Default - 
#2: Selenium - 
#3: SpecFlowFeature1 - 
#4: Test dropdown list - 1 - TestAssembly:Selenium/Feature:SpecFlowFeature1/Scenario:Test+dropdown+list+-+1
#5: Test dropdown list - 2 - TestAssembly:Selenium/Feature:SpecFlowFeature1/Scenario:Test+dropdown+list+-+2
#6: Test dropdown list - 3, Firefox - TestAssembly:Selenium/Feature:SpecFlowFeature1/Scenario:Test+dropdown+list+-+3%2c+Firefox
#7: Test dropdown list - 3, Chrome - TestAssembly:Selenium/Feature:SpecFlowFeature1/Scenario:Test+dropdown+list+-+3%2c+Chrome
#8: Test dropdown list - 3, Safari - TestAssembly:Selenium/Feature:SpecFlowFeature1/Scenario:Test+dropdown+list+-+3%2c+Safari
End: Test Suite Dump
Thread#0:Scheduler: get next test for thread
Thread#:Scheduler: testitem #4 from normal test queue 
Thread#0:Scheduler: considering testitem #4 for thread
Thread#0:Scheduler: using testitem #4 for thread
Thread#0:Scheduler: Test #4 is scheduled for thread
Thread#0:Scheduler: with testItemExecutionIndex 0
Thread#2:Scheduler: get next test for thread
Thread#:Scheduler: testitem #5 from normal test queue 
Thread#2:Scheduler: considering testitem #5 for thread
Thread#2:Scheduler: using testitem #5 for thread
Thread#2:Scheduler: Test #5 is scheduled for thread
Thread#2:Scheduler: with testItemExecutionIndex 2
Thread#4:Scheduler: get next test for thread
Thread#:Scheduler: testitem #6 from normal test queue 
Thread#4:Scheduler: considering testitem #6 for thread
Thread#4:Scheduler: using testitem #6 for thread
Thread#4:Scheduler: Test #6 is scheduled for thread
Thread#4:Scheduler: with testItemExecutionIndex 4
Thread#3:Scheduler: get next test for thread
Thread#:Scheduler: testitem #7 from normal test queue 
Thread#3:Scheduler: considering testitem #7 for thread
Thread#3:Scheduler: using testitem #7 for thread
Thread#3:Scheduler: Test #7 is scheduled for thread
Thread#3:Scheduler: with testItemExecutionIndex 3
Thread#1:Scheduler: get next test for thread
Thread#:Scheduler: testitem #8 from normal test queue 
Thread#1:Scheduler: considering testitem #8 for thread
Thread#1:Scheduler: using testitem #8 for thread
Thread#1:Scheduler: Test #8 is scheduled for thread
Thread#1:Scheduler: with testItemExecutionIndex 1
Thread #0: creating new test thread executor for Selenium, Version=1.0.0.0, Culture=neutral, PublicKeyToken=null (target: Default)
Thread #3: creating new test thread executor for Selenium, Version=1.0.0.0, Culture=neutral, PublicKeyToken=null (target: Default)
Thread #1: creating new test thread executor for Selenium, Version=1.0.0.0, Culture=neutral, PublicKeyToken=null (target: Default)
Thread #4: creating new test thread executor for Selenium, Version=1.0.0.0, Culture=neutral, PublicKeyToken=null (target: Default)
Thread #2: creating new test thread executor for Selenium, Version=1.0.0.0, Culture=neutral, PublicKeyToken=null (target: Default)
Loading SpecRun type 'TechTalk.SpecRun.Framework.TestAssemblyExecutor' from: C:\Users\jie.sheng\Desktop\Selenium介绍\SeleniumSpecflow\packages\SpecRun.Runner.1.5.2\tools\TechTalk.SpecRun.Framework.Executor.dll
Loading SpecRun type 'TechTalk.SpecRun.Framework.TestAssemblyExecutor' from: C:\Users\jie.sheng\Desktop\Selenium介绍\SeleniumSpecflow\packages\SpecRun.Runner.1.5.2\tools\TechTalk.SpecRun.Framework.Executor.dll
Loading SpecRun type 'TechTalk.SpecRun.Framework.TestAssemblyExecutor' from: C:\Users\jie.sheng\Desktop\Selenium介绍\SeleniumSpecflow\packages\SpecRun.Runner.1.5.2\tools\TechTalk.SpecRun.Framework.Executor.dll
Loading SpecRun type 'TechTalk.SpecRun.Framework.TestAssemblyExecutor' from: C:\Users\jie.sheng\Desktop\Selenium介绍\SeleniumSpecflow\packages\SpecRun.Runner.1.5.2\tools\TechTalk.SpecRun.Framework.Executor.dll
Loading SpecRun type 'TechTalk.SpecRun.Framework.TestAssemblyExecutor' from: C:\Users\jie.sheng\Desktop\Selenium介绍\SeleniumSpecflow\packages\SpecRun.Runner.1.5.2\tools\TechTalk.SpecRun.Framework.Executor.dll
Thread#3: Test #7/0 is started on thread #3
Thread#4: Test #6/0 is started on thread #4
Thread#0: Test #4/0 is started on thread #0
Thread#1: Test #8/0 is started on thread #1
Thread#2: Test #5/0 is started on thread #2
Thread#4:B:Given I connect saucelabs and choose Firefox of 47.0 at Windows 7
Thread#0:B:Given I choose local firefox to start
Thread#3:B:Given I connect saucelabs and choose Chrome of 50.0 at Windows 10
Thread#1:B:Given I connect saucelabs and choose Safari of 9.0 at OS X 10.11
Thread#2:B:Given I connect Selenium server and choose firefox to start
Thread#3:T:done: SpecFlowFeature1Steps.GivenIConnectSaucelabsAndChooseFirefoxOfAtWindows("Chrome", "50.0", "Windows 10") (7.9s)
Thread#3:B:And forward to 'http://220.231.32.78:8082/'
Thread#4:T:done: SpecFlowFeature1Steps.GivenIConnectSaucelabsAndChooseFirefoxOfAtWindows("Firefox", "47.0", "Windows 7") (13.8s)
Thread#4:B:And forward to 'http://220.231.32.78:8082/'
Thread#0:T:done: SpecFlowFeature1Steps.GivenIChooseLocalFirefoxToStart() (15.9s)
Thread#0:B:And forward to 'http://localhost:8082/'
Thread#0:T:done: SpecFlowFeature1Steps.GivenForwardTo("http://localhost:...") (1.8s)
Thread#0:B:And I navigate to contact us page
Thread#1:T:done: SpecFlowFeature1Steps.GivenIConnectSaucelabsAndChooseFirefoxOfAtWindows("Safari", "9.0", "OS X 10.11") (18.7s)
Thread#1:B:And forward to 'http://220.231.32.78:8082/'
Thread#0:T:done: SpecFlowFeature1Steps.GivenINavigateToContactUsPage() (1.1s)
Thread#0:B:When I check the Topic Interested dropdown list
Thread#0:T:done: SpecFlowFeature1Steps.WhenICheckTheTopicInterestedDropdownList() (0.2s)
Thread#0:B:Then all options should be 'Select a topic ...、Cloud Testing、Embedded System Testing、Globalization Testing、Offshore Test Center、System Integration Testing、Test Automation、Function Testing、Mobile Testing、Cloud Services、SKYPALACE、Mobile Test Automation、Test Automation Framework、IaaS Cloud Enablement、Desktop Virtualization、Others'
Thread#0:T:done: SpecFlowFeature1Steps.ThenAllOptionsShouldBe("Select a topic .....") (0.0s)
Thread#0:B:And all options can be selected successfully
Thread#3:T:done: SpecFlowFeature1Steps.GivenForwardTo("http://220.231.32...") (13.8s)
Thread#3:B:And I navigate to contact us page
Thread#0:T:done: SpecFlowFeature1Steps.ThenAllOptionsCanBeSelectedSuccessfully() (4.5s)
Thread#0:Scheduler: get next test for thread
Thread#:Scheduler: at the end of normal test queue
Thread#0:Scheduler: enumerator for thread is at end
Thread#0:Scheduler: No more tests for thread 
Thread#0:T:Done
Thread#4:T:done: SpecFlowFeature1Steps.GivenForwardTo("http://220.231.32...") (10.8s)
Thread#4:B:And I navigate to contact us page
Thread#4:T:done: SpecFlowFeature1Steps.GivenINavigateToContactUsPage() (1.2s)
Thread#4:B:When I check the Topic Interested dropdown list
Thread#0: Test #4/0 is finished on thread #0 as Succeeded within 28.0728513 seconds
Appdomain Disposed
Thread#2:T:done: SpecFlowFeature1Steps.GivenIConnectSeleniumServerAndChooseFirefoxToStart() (33.3s)
Thread#2:B:And forward to 'http://localhost:8082/'
Thread#2:T:done: SpecFlowFeature1Steps.GivenForwardTo("http://localhost:...") (0.9s)
Thread#2:B:And I navigate to contact us page
Thread#3:T:done: SpecFlowFeature1Steps.GivenINavigateToContactUsPage() (13.6s)
Thread#3:B:When I check the Topic Interested dropdown list
Thread#2:T:done: SpecFlowFeature1Steps.GivenINavigateToContactUsPage() (1.6s)
Thread#4:T:done: SpecFlowFeature1Steps.WhenICheckTheTopicInterestedDropdownList() (9.8s)
Thread#2:B:When I check the Topic Interested dropdown list
Thread#4:B:Then all options should be 'Select a topic ...、Cloud Testing、Embedded System Testing、Globalization Testing、Offshore Test Center、System Integration Testing、Test Automation、Function Testing、Mobile Testing、Cloud Services、SKYPALACE、Mobile Test Automation、Test Automation Framework、IaaS Cloud Enablement、Desktop Virtualization、Others'
Thread#2:T:done: SpecFlowFeature1Steps.WhenICheckTheTopicInterestedDropdownList() (0.1s)
Thread#2:B:Then all options should be 'Select a topic ...、Cloud Testing、Embedded System Testing、Globalization Testing、Offshore Test Center、System Integration Testing、Test Automation、Function Testing、Mobile Testing、Cloud Services、SKYPALACE、Mobile Test Automation、Test Automation Framework、IaaS Cloud Enablement、Desktop Virtualization、Others'
Thread#2:T:done: SpecFlowFeature1Steps.ThenAllOptionsShouldBe("Select a topic .....") (0.0s)
Thread#2:B:And all options can be selected successfully
Thread#4:T:done: SpecFlowFeature1Steps.ThenAllOptionsShouldBe("Select a topic .....") (0.6s)
Thread#4:B:And all options can be selected successfully
Thread#3:T:done: SpecFlowFeature1Steps.WhenICheckTheTopicInterestedDropdownList() (1.3s)
Thread#3:B:Then all options should be 'Select a topic ...、Cloud Testing、Embedded System Testing、Globalization Testing、Offshore Test Center、System Integration Testing、Test Automation、Function Testing、Mobile Testing、Cloud Services、SKYPALACE、Mobile Test Automation、Test Automation Framework、IaaS Cloud Enablement、Desktop Virtualization、Others'
Thread#1:T:done: SpecFlowFeature1Steps.GivenForwardTo("http://220.231.32...") (18.9s)
Thread#1:B:And I navigate to contact us page
Thread#3:T:done: SpecFlowFeature1Steps.ThenAllOptionsShouldBe("Select a topic .....") (1.1s)
Thread#3:B:And all options can be selected successfully
Thread#4:T:error: Assert.AreEqual failed. Expected:<Select a topic ...>. Actual:<Cloud Testing>. Topic Interested value not as expected at index 0
Thread#4:Scheduler: get next test for thread
Thread#:Scheduler: at the end of normal test queue
Thread#4:Scheduler: enumerator for thread is at end
Thread#4:Scheduler: No more tests for thread 
Thread#4:T:Done
Thread#4: Test #6/0 is finished on thread #4 as Failed within 40.842338 seconds
Appdomain Disposed
Thread#1:T:done: SpecFlowFeature1Steps.GivenINavigateToContactUsPage() (2.0s)
Thread#1:B:When I check the Topic Interested dropdown list
Thread#3:T:error: Assert.AreEqual failed. Expected:<Select a topic ...>. Actual:<Cloud Testing>. Topic Interested value not as expected at index 0
Thread#3:Scheduler: get next test for thread
Thread#:Scheduler: at the end of normal test queue
Thread#3:Scheduler: enumerator for thread is at end
Thread#3:Scheduler: No more tests for thread 
Thread#3:T:Done
Thread#3: Test #7/0 is finished on thread #3 as Failed within 42.1934152 seconds
Appdomain Disposed
Thread#2:T:done: SpecFlowFeature1Steps.ThenAllOptionsCanBeSelectedSuccessfully() (6.0s)
Thread#2:Scheduler: get next test for thread
Thread#:Scheduler: at the end of normal test queue
Thread#2:Scheduler: enumerator for thread is at end
Thread#2:Scheduler: No more tests for thread 
Thread#2:T:Done
Thread#2: Test #5/0 is finished on thread #2 as Succeeded within 44.9625055 seconds
Appdomain Disposed
Thread#1:T:done: SpecFlowFeature1Steps.WhenICheckTheTopicInterestedDropdownList() (21.7s)
Thread#1:B:Then all options should be 'Select a topic ...、Cloud Testing、Embedded System Testing、Globalization Testing、Offshore Test Center、System Integration Testing、Test Automation、Function Testing、Mobile Testing、Cloud Services、SKYPALACE、Mobile Test Automation、Test Automation Framework、IaaS Cloud Enablement、Desktop Virtualization、Others'
Thread#1:T:done: SpecFlowFeature1Steps.ThenAllOptionsShouldBe("Select a topic .....") (0.6s)
Thread#1:B:And all options can be selected successfully
Thread#1:T:error: Assert.AreEqual failed. Expected:<Select a topic ...>. Actual:<Cloud Testing>. Topic Interested value not as expected at index 0
Thread#1:Scheduler: get next test for thread
Thread#:Scheduler: at the end of normal test queue
Thread#1:Scheduler: enumerator for thread is at end
Thread#1:Scheduler: No more tests for thread 
Thread#1:T:Done
Thread#1: Test #8/0 is finished on thread #1 as Failed within 66.321036 seconds
Appdomain Disposed
Thread#-1:Scheduler: get next test for thread
Thread#:Scheduler: at the end of normal test queue
Thread#-1:Scheduler: enumerator for thread is at end
Total: 5
Succeeded: 2
Ignored: 0
Pending: 0
Skipped: 0
Failed: 3
